<?xml version="1.0" encoding="UTF-8"?>
<!-- Generated by org.testng.reporters.JUnitXMLReporter -->
<testsuite hostname="Metins-MBP-2" ignored="0" name="RestAssuredMtn" tests="4" failures="0" timestamp="11 Apr 2023 02:37:53 GMT" time="3.063" errors="0">
  <testcase name="test1_listOfUsers" time="1.819" classname="tests.regresIn.GETRegresInApiTests"/>
  <testcase name="test2_SingleUser" time="0.153" classname="tests.regresIn.GETRegresInApiTests"/>
  <testcase name="test3" time="0.25" classname="tests.regresIn.GETRegresInApiTests"/>
  <testcase name="test4" time="0.298" classname="tests.regresIn.GETRegresInApiTests"/>
</testsuite> <!-- RestAssuredMtn -->
